app/build/intermediates/manifest_merge_blame_file/debug/processDebugMainManifest/manifest-merger-blame-debug-report.txt
1<?xml version="1.0" encoding="utf-8"?>
2<manifest xmlns:android="http://schemas.android.com/apk/res/android"
3    package="ug.ac.ndejje.myapp"
4    android:versionCode="1"
5    android:versionName="1.0" >
6
7    <uses-sdk
7-->src\main\AndroidManifest.xml:5:5-180
8        android:minSdkVersion="23"
9        android:targetSdkVersion="34" />
10
11    <uses-permission android:name="android.permission.INTERNET" />
11-->src\main\AndroidManifest.xml:7:5-67
11-->src\main\AndroidManifest.xml:7:22-64
12    <uses-permission android:name="android.permission.RECORD_AUDIO" />
12-->src\main\AndroidManifest.xml:8:5-71
12-->src\main\AndroidManifest.xml:8:22-68
13    <uses-permission android:name="android.permission.ACCESS_NETWORK_STATE" />
13-->[com.plaid.link:sdk-core:4.2.0] AndroidManifest.xml:8:5-79
13-->[com.plaid.link:sdk-core:4.2.0] AndroidManifest.xml:8:22-76
14
15    <uses-feature
15-->[com.plaid.link:sdk-core:4.2.0] AndroidManifest.xml:10:5-12:36
16        android:name="android.hardware.screen.portrait"
16-->[com.plaid.link:sdk-core:4.2.0] AndroidManifest.xml:11:9-56
17        android:required="false" />
17-->[com.plaid.link:sdk-core:4.2.0] AndroidManifest.xml:12:9-33
18    <uses-feature
18-->[com.plaid.link:sdk-core:4.2.0] AndroidManifest.xml:13:5-15:36
19        android:name="android.hardware.screen.landscape"
19-->[com.plaid.link:sdk-core:4.2.0] AndroidManifest.xml:14:9-57
20        android:required="false" />
20-->[com.plaid.link:sdk-core:4.2.0] AndroidManifest.xml:15:9-33
21
22    <queries>
22-->[com.plaid.link:sdk-core:4.2.0] AndroidManifest.xml:17:5-21:15
23        <intent>
23-->[com.plaid.link:sdk-core:4.2.0] AndroidManifest.xml:18:9-20:18
24            <action android:name="android.support.customtabs.action.CustomTabsService" />
24-->[com.plaid.link:sdk-core:4.2.0] AndroidManifest.xml:19:13-90
24-->[com.plaid.link:sdk-core:4.2.0] AndroidManifest.xml:19:21-87
25        </intent>
26        <!-- Google Text-to-Speech -->
27        <package android:name="com.google.android.tts" />
27-->[com.google.mlkit:genai-speech-recognition:1.0.0-alpha1] AndroidManifest.xml:13:9-58
27-->[com.google.mlkit:genai-speech-recognition:1.0.0-alpha1] AndroidManifest.xml:13:18-55
28
29        <intent>
29-->[com.android.billingclient:billing:7.0.0] AndroidManifest.xml:13:9-15:18
30            <action android:name="com.android.vending.billing.InAppBillingService.BIND" />
30-->[com.android.billingclient:billing:7.0.0] AndroidManifest.xml:14:13-91
30-->[com.android.billingclient:billing:7.0.0] AndroidManifest.xml:14:21-88
31        </intent>
32
33        <package android:name="com.google.android.aicore" />
33-->[com.google.mlkit:genai-common:1.0.0-beta3] AndroidManifest.xml:10:9-61
33-->[com.google.mlkit:genai-common:1.0.0-beta3] AndroidManifest.xml:10:18-58
34    </queries> <!-- required for ConnectivityManager.requestNetwork -->
35    <uses-permission android:name="android.permission.CHANGE_NETWORK_STATE" />
35-->[com.plaid.link:sdk-core:4.2.0] AndroidManifest.xml:24:5-79
35-->[com.plaid.link:sdk-core:4.2.0] AndroidManifest.xml:24:22-76
36    <uses-permission android:name="android.permission.USE_BIOMETRIC" /> <!-- suppress DeprecatedClassUsageInspection -->
36-->[androidx.biometric:biometric:1.1.0] AndroidManifest.xml:24:5-72
36-->[androidx.biometric:biometric:1.1.0] AndroidManifest.xml:24:22-69
37    <uses-permission android:name="android.permission.USE_FINGERPRINT" />
37-->[androidx.biometric:biometric:1.1.0] AndroidManifest.xml:27:5-74
37-->[androidx.biometric:biometric:1.1.0] AndroidManifest.xml:27:22-71
38    <uses-permission android:name="com.android.vending.BILLING" />
38-->[com.android.billingclient:billing-ktx:7.0.0] AndroidManifest.xml:9:5-67
38-->[com.android.billingclient:billing-ktx:7.0.0] AndroidManifest.xml:9:22-64
39    <uses-permission android:name="android.permission.WAKE_LOCK" />
39-->[androidx.work:work-runtime:2.9.0] AndroidManifest.xml:23:5-68
39-->[androidx.work:work-runtime:2.9.0] AndroidManifest.xml:23:22-65
40    <uses-permission android:name="android.permission.RECEIVE_BOOT_COMPLETED" />
40-->[androidx.work:work-runtime:2.9.0] AndroidManifest.xml:25:5-81
40-->[androidx.work:work-runtime:2.9.0] AndroidManifest.xml:25:22-78
41    <uses-permission android:name="android.permission.FOREGROUND_SERVICE" />
41-->[androidx.work:work-runtime:2.9.0] AndroidManifest.xml:26:5-77
41-->[androidx.work:work-runtime:2.9.0] AndroidManifest.xml:26:22-74
42
43    <permission
43-->[androidx.core:core:1.12.0] AndroidManifest.xml:22:5-24:47
44        android:name="ug.ac.ndejje.myapp.DYNAMIC_RECEIVER_NOT_EXPORTED_PERMISSION"
44-->[androidx.core:core:1.12.0] AndroidManifest.xml:23:9-81
45        android:protectionLevel="signature" />
45-->[androidx.core:core:1.12.0] AndroidManifest.xml:24:9-44
46
47    <uses-permission android:name="ug.ac.ndejje.myapp.DYNAMIC_RECEIVER_NOT_EXPORTED_PERMISSION" />
47-->[androidx.core:core:1.12.0] AndroidManifest.xml:26:5-97
47-->[androidx.core:core:1.12.0] AndroidManifest.xml:26:22-94
48
49    <application
49-->src\main\AndroidManifest.xml:10:5-39:19
50        android:name="ug.ac.ndejje.myapp.FinTrackApp"
50-->src\main\AndroidManifest.xml:11:9-36
51        android:allowBackup="true"
51-->src\main\AndroidManifest.xml:12:9-35
52        android:appComponentFactory="androidx.core.app.CoreComponentFactory"
52-->[androidx.core:core:1.12.0] AndroidManifest.xml:28:18-86
53        android:debuggable="true"
54        android:extractNativeLibs="true"
54-->src\main\AndroidManifest.xml:13:9-41
55        android:icon="@mipmap/ic_launcher"
55-->src\main\AndroidManifest.xml:14:9-43
56        android:label="FinTrack"
56-->src\main\AndroidManifest.xml:15:9-33
57        android:roundIcon="@mipmap/ic_launcher_round"
57-->src\main\AndroidManifest.xml:16:9-54
58        android:supportsRtl="true"
58-->src\main\AndroidManifest.xml:17:9-35
59        android:theme="@android:style/Theme.Material.Light" >
59-->src\main\AndroidManifest.xml:18:9-60
60        <activity
60-->src\main\AndroidManifest.xml:19:9-27:20
61            android:name="ug.ac.ndejje.myapp.MainActivity"
61-->src\main\AndroidManifest.xml:20:13-41
62            android:exported="true"
62-->src\main\AndroidManifest.xml:21:13-36
63            android:windowSoftInputMode="adjustResize" >
63-->src\main\AndroidManifest.xml:22:13-55
64            <intent-filter>
64-->src\main\AndroidManifest.xml:23:13-26:29
65                <action android:name="android.intent.action.MAIN" />
65-->src\main\AndroidManifest.xml:24:17-69
65-->src\main\AndroidManifest.xml:24:25-66
66
67                <category android:name="android.intent.category.LAUNCHER" />
67-->src\main\AndroidManifest.xml:25:17-77
67-->src\main\AndroidManifest.xml:25:27-74
68            </intent-filter>
69        </activity>
70
71        <receiver
71-->src\main\AndroidManifest.xml:29:9-38:20
72            android:name="ug.ac.ndejje.myapp.FinanceWidgetReceiver"
72-->src\main\AndroidManifest.xml:30:13-50
73            android:exported="true" >
73-->src\main\AndroidManifest.xml:31:13-36
74            <intent-filter>
74-->src\main\AndroidManifest.xml:32:13-34:29
75                <action android:name="android.appwidget.action.APPWIDGET_UPDATE" />
75-->src\main\AndroidManifest.xml:33:17-84
75-->src\main\AndroidManifest.xml:33:25-81
76            </intent-filter>
77
78            <meta-data
78-->src\main\AndroidManifest.xml:35:13-37:63
79                android:name="android.appwidget.provider"
79-->src\main\AndroidManifest.xml:36:17-58
80                android:resource="@xml/finance_widget_info" />
80-->src\main\AndroidManifest.xml:37:17-60
81        </receiver>
82
83        <provider
83-->[com.plaid.link:sdk-core:4.2.0] AndroidManifest.xml:27:9-35:20
84            android:name="com.plaid.link.internal.PlaidFileProvider"
84-->[com.plaid.link:sdk-core:4.2.0] AndroidManifest.xml:28:13-69
85            android:authorities="ug.ac.ndejje.myapp.com.plaid.link.internal.PlaidFileProvider"
85-->[com.plaid.link:sdk-core:4.2.0] AndroidManifest.xml:29:13-93
86            android:exported="false"
86-->[com.plaid.link:sdk-core:4.2.0] AndroidManifest.xml:30:13-37
87            android:grantUriPermissions="true" >
87-->[com.plaid.link:sdk-core:4.2.0] AndroidManifest.xml:31:13-47
88            <meta-data
88-->[com.plaid.link:sdk-core:4.2.0] AndroidManifest.xml:32:13-34:60
89                android:name="android.support.FILE_PROVIDER_PATHS"
89-->[com.plaid.link:sdk-core:4.2.0] AndroidManifest.xml:33:17-67
90                android:resource="@xml/plaid_file_paths" />
90-->[com.plaid.link:sdk-core:4.2.0] AndroidManifest.xml:34:17-57
91        </provider>
92
93        <activity
93-->[com.plaid.link:sdk-core:4.2.0] AndroidManifest.xml:37:9-53:20
94            android:name="com.plaid.internal.LinkRedirectActivity"
94-->[com.plaid.link:sdk-core:4.2.0] AndroidManifest.xml:38:13-67
95            android:autoRemoveFromRecents="true"
95-->[com.plaid.link:sdk-core:4.2.0] AndroidManifest.xml:39:13-49
96            android:exported="true"
96-->[com.plaid.link:sdk-core:4.2.0] AndroidManifest.xml:40:13-36
97            android:theme="@style/Theme.MaterialComponents.NoActionBar" >
97-->[com.plaid.link:sdk-core:4.2.0] AndroidManifest.xml:41:13-72
98            <intent-filter>
98-->[com.plaid.link:sdk-core:4.2.0] AndroidManifest.xml:42:13-52:29
99                <action android:name="android.intent.action.VIEW" />
99-->[com.plaid.link:sdk-core:4.2.0] AndroidManifest.xml:43:17-69
99-->[com.plaid.link:sdk-core:4.2.0] AndroidManifest.xml:43:25-66
100
101                <category android:name="android.intent.category.DEFAULT" />
101-->[com.plaid.link:sdk-core:4.2.0] AndroidManifest.xml:45:17-76
101-->[com.plaid.link:sdk-core:4.2.0] AndroidManifest.xml:45:27-73
102                <category android:name="android.intent.category.BROWSABLE" />
102-->[com.plaid.link:sdk-core:4.2.0] AndroidManifest.xml:46:17-78
102-->[com.plaid.link:sdk-core:4.2.0] AndroidManifest.xml:46:27-75
103
104                <data android:scheme="plaid" />
104-->[com.plaid.link:sdk-core:4.2.0] AndroidManifest.xml:48:17-48
104-->[com.plaid.link:sdk-core:4.2.0] AndroidManifest.xml:48:23-45
105                <data android:host="complete" />
105-->[com.plaid.link:sdk-core:4.2.0] AndroidManifest.xml:48:17-48
106                <data android:host="redirect" />
106-->[com.plaid.link:sdk-core:4.2.0] AndroidManifest.xml:48:17-48
107                <data android:host="resume" />
107-->[com.plaid.link:sdk-core:4.2.0] AndroidManifest.xml:48:17-48
108            </intent-filter>
109        </activity>
110        <activity
110-->[com.plaid.link:sdk-core:4.2.0] AndroidManifest.xml:54:9-59:58
111            android:name="com.plaid.internal.link.LinkActivity"
111-->[com.plaid.link:sdk-core:4.2.0] AndroidManifest.xml:55:13-64
112            android:exported="true"
112-->[com.plaid.link:sdk-core:4.2.0] AndroidManifest.xml:56:13-36
113            android:launchMode="singleInstance"
113-->[com.plaid.link:sdk-core:4.2.0] AndroidManifest.xml:57:13-48
114            android:theme="@style/PlaidTransparentTheme"
114-->[com.plaid.link:sdk-core:4.2.0] AndroidManifest.xml:58:13-57
115            android:windowSoftInputMode="adjustResize" />
115-->[com.plaid.link:sdk-core:4.2.0] AndroidManifest.xml:59:13-55
116        <activity
116-->[androidx.glance:glance-appwidget:1.1.0] AndroidManifest.xml:23:9-28:62
117            android:name="androidx.glance.appwidget.action.ActionTrampolineActivity"
117-->[androidx.glance:glance-appwidget:1.1.0] AndroidManifest.xml:24:13-85
118            android:enabled="true"
118-->[androidx.glance:glance-appwidget:1.1.0] AndroidManifest.xml:25:13-35
119            android:excludeFromRecents="true"
119-->[androidx.glance:glance-appwidget:1.1.0] AndroidManifest.xml:26:13-46
120            android:exported="false"
120-->[androidx.glance:glance-appwidget:1.1.0] AndroidManifest.xml:27:13-37
121            android:theme="@android:style/Theme.NoDisplay" />
121-->[androidx.glance:glance-appwidget:1.1.0] AndroidManifest.xml:28:13-59
122        <activity
122-->[androidx.glance:glance-appwidget:1.1.0] AndroidManifest.xml:29:9-36:81
123            android:name="androidx.glance.appwidget.action.InvisibleActionTrampolineActivity"
123-->[androidx.glance:glance-appwidget:1.1.0] AndroidManifest.xml:30:13-94
124            android:enabled="true"
124-->[androidx.glance:glance-appwidget:1.1.0] AndroidManifest.xml:31:13-35
125            android:exported="false"
125-->[androidx.glance:glance-appwidget:1.1.0] AndroidManifest.xml:32:13-37
126            android:launchMode="singleInstance"
126-->[androidx.glance:glance-appwidget:1.1.0] AndroidManifest.xml:33:13-48
127            android:noHistory="true"
127-->[androidx.glance:glance-appwidget:1.1.0] AndroidManifest.xml:34:13-37
128            android:taskAffinity="androidx.glance.appwidget.ListAdapterCallbackTrampoline"
128-->[androidx.glance:glance-appwidget:1.1.0] AndroidManifest.xml:35:13-91
129            android:theme="@style/Widget.Glance.AppWidget.CallbackTrampoline" />
129-->[androidx.glance:glance-appwidget:1.1.0] AndroidManifest.xml:36:13-78
130
131        <receiver
131-->[androidx.glance:glance-appwidget:1.1.0] AndroidManifest.xml:38:9-41:40
132            android:name="androidx.glance.appwidget.action.ActionCallbackBroadcastReceiver"
132-->[androidx.glance:glance-appwidget:1.1.0] AndroidManifest.xml:39:13-92
133            android:enabled="true"
133-->[androidx.glance:glance-appwidget:1.1.0] AndroidManifest.xml:40:13-35
134            android:exported="false" />
134-->[androidx.glance:glance-appwidget:1.1.0] AndroidManifest.xml:41:13-37
135        <receiver
135-->[androidx.glance:glance-appwidget:1.1.0] AndroidManifest.xml:42:9-45:40
136            android:name="androidx.glance.appwidget.UnmanagedSessionReceiver"
136-->[androidx.glance:glance-appwidget:1.1.0] AndroidManifest.xml:43:13-78
137            android:enabled="true"
137-->[androidx.glance:glance-appwidget:1.1.0] AndroidManifest.xml:44:13-35
138            android:exported="false" />
138-->[androidx.glance:glance-appwidget:1.1.0] AndroidManifest.xml:45:13-37
139        <receiver
139-->[androidx.glance:glance-appwidget:1.1.0] AndroidManifest.xml:46:9-53:20
140            android:name="androidx.glance.appwidget.MyPackageReplacedReceiver"
140-->[androidx.glance:glance-appwidget:1.1.0] AndroidManifest.xml:47:13-79
141            android:enabled="true"
141-->[androidx.glance:glance-appwidget:1.1.0] AndroidManifest.xml:48:13-35
142            android:exported="false" >
142-->[androidx.glance:glance-appwidget:1.1.0] AndroidManifest.xml:49:13-37
143            <intent-filter>
143-->[androidx.glance:glance-appwidget:1.1.0] AndroidManifest.xml:50:13-52:29
144                <action android:name="android.intent.action.MY_PACKAGE_REPLACED" />
144-->[androidx.glance:glance-appwidget:1.1.0] AndroidManifest.xml:51:17-84
144-->[androidx.glance:glance-appwidget:1.1.0] AndroidManifest.xml:51:25-81
145            </intent-filter>
146        </receiver>
147
148        <service
148-->[androidx.glance:glance-appwidget:1.1.0] AndroidManifest.xml:55:9-58:72
149            android:name="androidx.glance.appwidget.GlanceRemoteViewsService"
149-->[androidx.glance:glance-appwidget:1.1.0] AndroidManifest.xml:56:13-78
150            android:exported="true"
150-->[androidx.glance:glance-appwidget:1.1.0] AndroidManifest.xml:57:13-36
151            android:permission="android.permission.BIND_REMOTEVIEWS" />
151-->[androidx.glance:glance-appwidget:1.1.0] AndroidManifest.xml:58:13-69
152
153        <activity
153-->[com.google.android.gms:play-services-auth:21.2.0] AndroidManifest.xml:23:9-27:75
154            android:name="com.google.android.gms.auth.api.signin.internal.SignInHubActivity"
154-->[com.google.android.gms:play-services-auth:21.2.0] AndroidManifest.xml:24:13-93
155            android:excludeFromRecents="true"
155-->[com.google.android.gms:play-services-auth:21.2.0] AndroidManifest.xml:25:13-46
156            android:exported="false"
156-->[com.google.android.gms:play-services-auth:21.2.0] AndroidManifest.xml:26:13-37
157            android:theme="@android:style/Theme.Translucent.NoTitleBar" />
157-->[com.google.android.gms:play-services-auth:21.2.0] AndroidManifest.xml:27:13-72
158        <!--
159            Service handling Google Sign-In user revocation. For apps that do not integrate with
160            Google Sign-In, this service will never be started.
161        -->
162        <service
162-->[com.google.android.gms:play-services-auth:21.2.0] AndroidManifest.xml:33:9-37:51
163            android:name="com.google.android.gms.auth.api.signin.RevocationBoundService"
163-->[com.google.android.gms:play-services-auth:21.2.0] AndroidManifest.xml:34:13-89
164            android:exported="true"
164-->[com.google.android.gms:play-services-auth:21.2.0] AndroidManifest.xml:35:13-36
165            android:permission="com.google.android.gms.auth.api.signin.permission.REVOCATION_NOTIFICATION"
165-->[com.google.android.gms:play-services-auth:21.2.0] AndroidManifest.xml:36:13-107
166            android:visibleToInstantApps="true" />
166-->[com.google.android.gms:play-services-auth:21.2.0] AndroidManifest.xml:37:13-48
167
168        <provider
168-->[com.google.mlkit:common:18.11.0] AndroidManifest.xml:9:9-13:38
169            android:name="com.google.mlkit.common.internal.MlKitInitProvider"
169-->[com.google.mlkit:common:18.11.0] AndroidManifest.xml:10:13-78
170            android:authorities="ug.ac.ndejje.myapp.mlkitinitprovider"
170-->[com.google.mlkit:common:18.11.0] AndroidManifest.xml:11:13-69
171            android:exported="false"
171-->[com.google.mlkit:common:18.11.0] AndroidManifest.xml:12:13-37
172            android:initOrder="99" />
172-->[com.google.mlkit:common:18.11.0] AndroidManifest.xml:13:13-35
173
174        <service
174-->[com.google.mlkit:common:18.11.0] AndroidManifest.xml:15:9-23:19
175            android:name="com.google.mlkit.common.internal.MlKitComponentDiscoveryService"
175-->[com.google.mlkit:common:18.11.0] AndroidManifest.xml:16:13-91
176            android:directBootAware="true"
176-->[com.google.mlkit:common:18.11.0] AndroidManifest.xml:17:13-43
177            android:exported="false" >
177-->[com.google.mlkit:common:18.11.0] AndroidManifest.xml:18:13-37
178            <meta-data
178-->[com.google.mlkit:common:18.11.0] AndroidManifest.xml:20:13-22:85
179                android:name="com.google.firebase.components:com.google.mlkit.common.internal.CommonComponentRegistrar"
179-->[com.google.mlkit:common:18.11.0] AndroidManifest.xml:21:17-120
180                android:value="com.google.firebase.components.ComponentRegistrar" />
180-->[com.google.mlkit:common:18.11.0] AndroidManifest.xml:22:17-82
181        </service>
182
183        <meta-data
183-->[com.android.billingclient:billing:7.0.0] AndroidManifest.xml:19:9-21:37
184            android:name="com.google.android.play.billingclient.version"
184-->[com.android.billingclient:billing:7.0.0] AndroidManifest.xml:20:13-73
185            android:value="7.0.0" />
185-->[com.android.billingclient:billing:7.0.0] AndroidManifest.xml:21:13-34
186
187        <activity
187-->[com.android.billingclient:billing:7.0.0] AndroidManifest.xml:23:9-27:75
188            android:name="com.android.billingclient.api.ProxyBillingActivity"
188-->[com.android.billingclient:billing:7.0.0] AndroidManifest.xml:24:13-78
189            android:configChanges="keyboard|keyboardHidden|screenLayout|screenSize|orientation"
189-->[com.android.billingclient:billing:7.0.0] AndroidManifest.xml:25:13-96
190            android:exported="false"
190-->[com.android.billingclient:billing:7.0.0] AndroidManifest.xml:26:13-37
191            android:theme="@android:style/Theme.Translucent.NoTitleBar" />
191-->[com.android.billingclient:billing:7.0.0] AndroidManifest.xml:27:13-72
192        <activity
192-->[com.android.billingclient:billing:7.0.0] AndroidManifest.xml:28:9-32:75
193            android:name="com.android.billingclient.api.ProxyBillingActivityV2"
193-->[com.android.billingclient:billing:7.0.0] AndroidManifest.xml:29:13-80
194            android:configChanges="keyboard|keyboardHidden|screenLayout|screenSize|orientation"
194-->[com.android.billingclient:billing:7.0.0] AndroidManifest.xml:30:13-96
195            android:exported="false"
195-->[com.android.billingclient:billing:7.0.0] AndroidManifest.xml:31:13-37
196            android:theme="@android:style/Theme.Translucent.NoTitleBar" />
196-->[com.android.billingclient:billing:7.0.0] AndroidManifest.xml:32:13-72
197        <activity
197-->[com.google.android.gms:play-services-base:18.5.0] AndroidManifest.xml:5:9-173
198            android:name="com.google.android.gms.common.api.GoogleApiActivity"
198-->[com.google.android.gms:play-services-base:18.5.0] AndroidManifest.xml:5:19-85
199            android:exported="false"
199-->[com.google.android.gms:play-services-base:18.5.0] AndroidManifest.xml:5:146-170
200            android:theme="@android:style/Theme.Translucent.NoTitleBar" />
200-->[com.google.android.gms:play-services-base:18.5.0] AndroidManifest.xml:5:86-145
201
202        <meta-data
202-->[com.google.android.gms:play-services-basement:18.9.0] AndroidManifest.xml:21:9-23:69
203            android:name="com.google.android.gms.version"
203-->[com.google.android.gms:play-services-basement:18.9.0] AndroidManifest.xml:22:13-58
204            android:value="@integer/google_play_services_version" />
204-->[com.google.android.gms:play-services-basement:18.9.0] AndroidManifest.xml:23:13-66
205
206        <provider
206-->[androidx.work:work-runtime:2.9.0] AndroidManifest.xml:29:9-37:20
207            android:name="androidx.startup.InitializationProvider"
207-->[androidx.work:work-runtime:2.9.0] AndroidManifest.xml:30:13-67
208            android:authorities="ug.ac.ndejje.myapp.androidx-startup"
208-->[androidx.work:work-runtime:2.9.0] AndroidManifest.xml:31:13-68
209            android:exported="false" >
209-->[androidx.work:work-runtime:2.9.0] AndroidManifest.xml:32:13-37
210            <meta-data
210-->[androidx.work:work-runtime:2.9.0] AndroidManifest.xml:34:13-36:52
211                android:name="androidx.work.WorkManagerInitializer"
211-->[androidx.work:work-runtime:2.9.0] AndroidManifest.xml:35:17-68
212                android:value="androidx.startup" />
212-->[androidx.work:work-runtime:2.9.0] AndroidManifest.xml:36:17-49
213            <meta-data
213-->[androidx.emoji2:emoji2:1.3.0] AndroidManifest.xml:29:13-31:52
214                android:name="androidx.emoji2.text.EmojiCompatInitializer"
214-->[androidx.emoji2:emoji2:1.3.0] AndroidManifest.xml:30:17-75
215                android:value="androidx.startup" />
215-->[androidx.emoji2:emoji2:1.3.0] AndroidManifest.xml:31:17-49
216            <meta-data
216-->[androidx.lifecycle:lifecycle-process:2.7.0] AndroidManifest.xml:29:13-31:52
217                android:name="androidx.lifecycle.ProcessLifecycleInitializer"
217-->[androidx.lifecycle:lifecycle-process:2.7.0] AndroidManifest.xml:30:17-78
218                android:value="androidx.startup" />
218-->[androidx.lifecycle:lifecycle-process:2.7.0] AndroidManifest.xml:31:17-49
219            <meta-data
219-->[androidx.profileinstaller:profileinstaller:1.3.1] AndroidManifest.xml:29:13-31:52
220                android:name="androidx.profileinstaller.ProfileInstallerInitializer"
220-->[androidx.profileinstaller:profileinstaller:1.3.1] AndroidManifest.xml:30:17-85
221                android:value="androidx.startup" />
221-->[androidx.profileinstaller:profileinstaller:1.3.1] AndroidManifest.xml:31:17-49
222        </provider>
223
224        <service
224-->[androidx.work:work-runtime:2.9.0] AndroidManifest.xml:39:9-45:35
225            android:name="androidx.work.impl.background.systemalarm.SystemAlarmService"
225-->[androidx.work:work-runtime:2.9.0] AndroidManifest.xml:40:13-88
226            android:directBootAware="false"
226-->[androidx.work:work-runtime:2.9.0] AndroidManifest.xml:41:13-44
227            android:enabled="@bool/enable_system_alarm_service_default"
227-->[androidx.work:work-runtime:2.9.0] AndroidManifest.xml:42:13-72
228            android:exported="false" />
228-->[androidx.work:work-runtime:2.9.0] AndroidManifest.xml:43:13-37
229        <service
229-->[androidx.work:work-runtime:2.9.0] AndroidManifest.xml:46:9-52:35
230            android:name="androidx.work.impl.background.systemjob.SystemJobService"
230-->[androidx.work:work-runtime:2.9.0] AndroidManifest.xml:47:13-84
231            android:directBootAware="false"
231-->[androidx.work:work-runtime:2.9.0] AndroidManifest.xml:48:13-44
232            android:enabled="@bool/enable_system_job_service_default"
232-->[androidx.work:work-runtime:2.9.0] AndroidManifest.xml:49:13-70
233            android:exported="true"
233-->[androidx.work:work-runtime:2.9.0] AndroidManifest.xml:50:13-36
234            android:permission="android.permission.BIND_JOB_SERVICE" />
234-->[androidx.work:work-runtime:2.9.0] AndroidManifest.xml:51:13-69
235        <service
235-->[androidx.work:work-runtime:2.9.0] AndroidManifest.xml:53:9-59:35
236            android:name="androidx.work.impl.foreground.SystemForegroundService"
236-->[androidx.work:work-runtime:2.9.0] AndroidManifest.xml:54:13-81
237            android:directBootAware="false"
237-->[androidx.work:work-runtime:2.9.0] AndroidManifest.xml:55:13-44
238            android:enabled="@bool/enable_system_foreground_service_default"
238-->[androidx.work:work-runtime:2.9.0] AndroidManifest.xml:56:13-77
239            android:exported="false" />
239-->[androidx.work:work-runtime:2.9.0] AndroidManifest.xml:57:13-37
240
241        <receiver
241-->[androidx.work:work-runtime:2.9.0] AndroidManifest.xml:61:9-66:35
242            android:name="androidx.work.impl.utils.ForceStopRunnable$BroadcastReceiver"
242-->[androidx.work:work-runtime:2.9.0] AndroidManifest.xml:62:13-88
243            android:directBootAware="false"
243-->[androidx.work:work-runtime:2.9.0] AndroidManifest.xml:63:13-44
244            android:enabled="true"
244-->[androidx.work:work-runtime:2.9.0] AndroidManifest.xml:64:13-35
245            android:exported="false" />
245-->[androidx.work:work-runtime:2.9.0] AndroidManifest.xml:65:13-37
246        <receiver
246-->[androidx.work:work-runtime:2.9.0] AndroidManifest.xml:67:9-77:20
247            android:name="androidx.work.impl.background.systemalarm.ConstraintProxy$BatteryChargingProxy"
247-->[androidx.work:work-runtime:2.9.0] AndroidManifest.xml:68:13-106
248            android:directBootAware="false"
248-->[androidx.work:work-runtime:2.9.0] AndroidManifest.xml:69:13-44
249            android:enabled="false"
249-->[androidx.work:work-runtime:2.9.0] AndroidManifest.xml:70:13-36
250            android:exported="false" >
250-->[androidx.work:work-runtime:2.9.0] AndroidManifest.xml:71:13-37
251            <intent-filter>
251-->[androidx.work:work-runtime:2.9.0] AndroidManifest.xml:73:13-76:29
252                <action android:name="android.intent.action.ACTION_POWER_CONNECTED" />
252-->[androidx.work:work-runtime:2.9.0] AndroidManifest.xml:74:17-87
252-->[androidx.work:work-runtime:2.9.0] AndroidManifest.xml:74:25-84
253                <action android:name="android.intent.action.ACTION_POWER_DISCONNECTED" />
253-->[androidx.work:work-runtime:2.9.0] AndroidManifest.xml:75:17-90
253-->[androidx.work:work-runtime:2.9.0] AndroidManifest.xml:75:25-87
254            </intent-filter>
255        </receiver>
256        <receiver
256-->[androidx.work:work-runtime:2.9.0] AndroidManifest.xml:78:9-88:20
257            android:name="androidx.work.impl.background.systemalarm.ConstraintProxy$BatteryNotLowProxy"
257-->[androidx.work:work-runtime:2.9.0] AndroidManifest.xml:79:13-104
258            android:directBootAware="false"
258-->[androidx.work:work-runtime:2.9.0] AndroidManifest.xml:80:13-44
259            android:enabled="false"
259-->[androidx.work:work-runtime:2.9.0] AndroidManifest.xml:81:13-36
260            android:exported="false" >
260-->[androidx.work:work-runtime:2.9.0] AndroidManifest.xml:82:13-37
261            <intent-filter>
261-->[androidx.work:work-runtime:2.9.0] AndroidManifest.xml:84:13-87:29
262                <action android:name="android.intent.action.BATTERY_OKAY" />
262-->[androidx.work:work-runtime:2.9.0] AndroidManifest.xml:85:17-77
262-->[androidx.work:work-runtime:2.9.0] AndroidManifest.xml:85:25-74
263                <action android:name="android.intent.action.BATTERY_LOW" />
263-->[androidx.work:work-runtime:2.9.0] AndroidManifest.xml:86:17-76
263-->[androidx.work:work-runtime:2.9.0] AndroidManifest.xml:86:25-73
264            </intent-filter>
265        </receiver>
266        <receiver
266-->[androidx.work:work-runtime:2.9.0] AndroidManifest.xml:89:9-99:20
267            android:name="androidx.work.impl.background.systemalarm.ConstraintProxy$StorageNotLowProxy"
267-->[androidx.work:work-runtime:2.9.0] AndroidManifest.xml:90:13-104
268            android:directBootAware="false"
268-->[androidx.work:work-runtime:2.9.0] AndroidManifest.xml:91:13-44
269            android:enabled="false"
269-->[androidx.work:work-runtime:2.9.0] AndroidManifest.xml:92:13-36
270            android:exported="false" >
270-->[androidx.work:work-runtime:2.9.0] AndroidManifest.xml:93:13-37
271            <intent-filter>
271-->[androidx.work:work-runtime:2.9.0] AndroidManifest.xml:95:13-98:29
272                <action android:name="android.intent.action.DEVICE_STORAGE_LOW" />
272-->[androidx.work:work-runtime:2.9.0] AndroidManifest.xml:96:17-83
272-->[androidx.work:work-runtime:2.9.0] AndroidManifest.xml:96:25-80
273                <action android:name="android.intent.action.DEVICE_STORAGE_OK" />
273-->[androidx.work:work-runtime:2.9.0] AndroidManifest.xml:97:17-82
273-->[androidx.work:work-runtime:2.9.0] AndroidManifest.xml:97:25-79
274            </intent-filter>
275        </receiver>
276        <receiver
276-->[androidx.work:work-runtime:2.9.0] AndroidManifest.xml:100:9-109:20